0 info it worked if it ends with ok
1 verbose cli [ '/usr/bin/node', '/usr/bin/npm', 'run', 'webpack' ]
2 info using npm@3.10.10
3 info using node@v6.9.4
4 verbose run-script [ 'prewebpack', 'webpack', 'postwebpack' ]
5 info lifecycle public_html@1.0.0~prewebpack: public_html@1.0.0
6 silly lifecycle public_html@1.0.0~prewebpack: no script for prewebpack, continuing
7 info lifecycle public_html@1.0.0~webpack: public_html@1.0.0
8 verbose lifecycle public_html@1.0.0~webpack: unsafe-perm in lifecycle true
9 verbose lifecycle public_html@1.0.0~webpack: PATH: /usr/lib/node_modules/npm/bin/node-gyp-bin:/var/www/portal.yawning/public_html/node_modules/.bin:/usr/local/bin:/usr/bin:/usr/local/sbin:/usr/sbin:/home/kruse/.local/bin:/home/kruse/bin
10 verbose lifecycle public_html@1.0.0~webpack: CWD: /var/www/portal.yawning/public_html
11 silly lifecycle public_html@1.0.0~webpack: Args: [ '-c', 'webpack' ]
12 silly lifecycle public_html@1.0.0~webpack: Returned: code: 2  signal: null
13 info lifecycle public_html@1.0.0~webpack: Failed to exec webpack script
14 verbose stack Error: public_html@1.0.0 webpack: `webpack`
14 verbose stack Exit status 2
14 verbose stack     at EventEmitter.<anonymous> (/usr/lib/node_modules/npm/lib/utils/lifecycle.js:255:16)
14 verbose stack     at emitTwo (events.js:106:13)
14 verbose stack     at EventEmitter.emit (events.js:191:7)
14 verbose stack     at ChildProcess.<anonymous> (/usr/lib/node_modules/npm/lib/utils/spawn.js:40:14)
14 verbose stack     at emitTwo (events.js:106:13)
14 verbose stack     at ChildProcess.emit (events.js:191:7)
14 verbose stack     at maybeClose (internal/child_process.js:877:16)
14 verbose stack     at Process.ChildProcess._handle.onexit (internal/child_process.js:226:5)
15 verbose pkgid public_html@1.0.0
16 verbose cwd /var/www/portal.yawning/public_html/src/pages
17 error Linux 3.10.0-514.10.2.el7.x86_64
18 error argv "/usr/bin/node" "/usr/bin/npm" "run" "webpack"
19 error node v6.9.4
20 error npm  v3.10.10
21 error code ELIFECYCLE
22 error public_html@1.0.0 webpack: `webpack`
22 error Exit status 2
23 error Failed at the public_html@1.0.0 webpack script 'webpack'.
23 error Make sure you have the latest version of node.js and npm installed.
23 error If you do, this is most likely a problem with the public_html package,
23 error not with npm itself.
23 error Tell the author that this fails on your system:
23 error     webpack
23 error You can get information on how to open an issue for this project with:
23 error     npm bugs public_html
23 error Or if that isn't available, you can get their info via:
23 error     npm owner ls public_html
23 error There is likely additional logging output above.
24 verbose exit [ 1, true ]
